<?xml version="1.0" encoding="UTF-8"?>
<testng-results skipped="0" failed="0" ignored="0" total="1" passed="1">
  <reporter-output>
  </reporter-output>
  <suite name="Suite" duration-ms="8474" started-at="2020-02-28T12:08:40Z" finished-at="2020-02-28T12:08:49Z">
    <groups>
    </groups>
    <test name="Test" duration-ms="8474" started-at="2020-02-28T12:08:40Z" finished-at="2020-02-28T12:08:49Z">
      <class name="seleniumprojectone.TC_01">
        <test-method status="PASS" signature="testOne()[pri:0, instance:seleniumprojectone.TC_01@6df97b55]" name="testOne" duration-ms="8459" started-at="2020-02-28T12:08:40Z" finished-at="2020-02-28T12:08:49Z">
          <reporter-output>
          </reporter-output>
        </test-method> <!-- testOne -->
      </class> <!-- seleniumprojectone.TC_01 -->
    </test> <!-- Test -->
  </suite> <!-- Suite -->
</testng-results>
