<?xml version="1.0" encoding="UTF-8"?>
<testng-results skipped="0" failed="0" total="1" passed="1">
  <reporter-output>
  </reporter-output>
  <suite name="Suite" duration-ms="7153" started-at="2020-02-28T11:16:11Z" finished-at="2020-02-28T11:16:18Z">
    <groups>
    </groups>
    <test name="Test" duration-ms="7153" started-at="2020-02-28T11:16:11Z" finished-at="2020-02-28T11:16:18Z">
      <class name="seleniumprojectone.TC_01">
        <test-method status="PASS" signature="testOne()[pri:0, instance:seleniumprojectone.TC_01@46d56d67]" name="testOne" duration-ms="7153" started-at="2020-02-28T16:46:11Z" finished-at="2020-02-28T16:46:18Z">
          <reporter-output>
          </reporter-output>
        </test-method> <!-- testOne -->
      </class> <!-- seleniumprojectone.TC_01 -->
    </test> <!-- Test -->
  </suite> <!-- Suite -->
</testng-results>
